This file contains any messages produced by compilers while
running configure, to aid debugging if configure makes a mistake.

It was created by One Desktop Environment configure 0.0.1, which was
generated by GNU Autoconf 2.69.  Invocation command line was

  $ ./configure --with-lisp=clisp

## --------- ##
## Platform. ##
## --------- ##

hostname = kracktop
uname -m = x86_64
uname -r = 5.4.0-121-generic
uname -s = Linux
uname -v = #137-Ubuntu SMP Wed Jun 15 13:33:07 UTC 2022

/usr/bin/uname -p = x86_64
/bin/uname -X     = unknown

/bin/arch              = x86_64
/usr/bin/arch -k       = unknown
/usr/convex/getsysinfo = unknown
/usr/bin/hostinfo      = unknown
/bin/machine           = unknown
/usr/bin/oslevel       = unknown
/bin/universe          = unknown

PATH: /home/logan/.local/bin
PATH: /home/logan/.local/bin
PATH: /usr/local/sbin
PATH: /usr/local/bin
PATH: /usr/sbin
PATH: /usr/bin
PATH: /sbin
PATH: /bin
PATH: /usr/games
PATH: /usr/local/games
PATH: /snap/bin


## ----------- ##
## Core tests. ##
## ----------- ##

configure:1781: checking for sbcl
configure:1799: found /usr/bin/sbcl
configure:1812: result: /usr/bin/sbcl
configure:1831: checking for clisp
configure:1865: result: no
configure:1881: checking for ccl
configure:1915: result: no
configure:1931: checking for ecl
configure:1965: result: no
configure:1981: checking for lw
configure:2015: result: no
configure:2049: error: *** No lisp is available.

## ---------------- ##
## Cache variables. ##
## ---------------- ##

ac_cv_env_build_alias_set=
ac_cv_env_build_alias_value=
ac_cv_env_host_alias_set=
ac_cv_env_host_alias_value=
ac_cv_env_target_alias_set=
ac_cv_env_target_alias_value=
ac_cv_path_CCL=
ac_cv_path_CLISP=
ac_cv_path_ECL=
ac_cv_path_LW=
ac_cv_path_SBCL=/usr/bin/sbcl

## ----------------- ##
## Output variables. ##
## ----------------- ##

CCL=''
CLISP=''
DEFS=''
ECHO_C=''
ECHO_N='-n'
ECHO_T=''
ECL=''
LIBOBJS=''
LIBS=''
LISP='clisp'
LISP_PROGRAM=''
LTLIBOBJS=''
LW=''
MAKEINFO=''
MODULE_DIR='/home/logan/.onede.d/modules'
ONEDE_ASDF_DIR='/home/logan/git/Projects/OneDE/OneDE-0.0.1'
PACKAGE_BUGREPORT='loganalldredge17@gmail.com'
PACKAGE_NAME='One Desktop Environment'
PACKAGE_STRING='One Desktop Environment 0.0.1'
PACKAGE_TARNAME='one-desktop-environment'
PACKAGE_URL=''
PACKAGE_VERSION='0.0.1'
PATH_SEPARATOR=':'
SBCL='/usr/bin/sbcl'
SHELL='/bin/bash'
XDPYINFO=''
bindir='${exec_prefix}/bin'
build_alias=''
datadir='${datarootdir}'
datarootdir='${prefix}/share'
docdir='${datarootdir}/doc/${PACKAGE_TARNAME}'
dvidir='${docdir}'
exec_prefix='NONE'
host_alias=''
htmldir='${docdir}'
includedir='${prefix}/include'
infodir='${datarootdir}/info'
libdir='${exec_prefix}/lib'
libexecdir='${exec_prefix}/libexec'
localedir='${datarootdir}/locale'
localstatedir='${prefix}/var'
mandir='${datarootdir}/man'
oldincludedir='/usr/include'
pdfdir='${docdir}'
prefix='NONE'
program_transform_name='s,x,x,'
psdir='${docdir}'
runstatedir='${localstatedir}/run'
sbindir='${exec_prefix}/sbin'
sharedstatedir='${prefix}/com'
sysconfdir='${prefix}/etc'
target_alias=''

## ----------- ##
## confdefs.h. ##
## ----------- ##

/* confdefs.h */
#define PACKAGE_NAME "One Desktop Environment"
#define PACKAGE_TARNAME "one-desktop-environment"
#define PACKAGE_VERSION "0.0.1"
#define PACKAGE_STRING "One Desktop Environment 0.0.1"
#define PACKAGE_BUGREPORT "loganalldredge17@gmail.com"
#define PACKAGE_URL ""

configure: exit 1
